This file contains any messages produced by compilers while
running configure, to aid debugging if configure makes a mistake.

It was created by UPPAAL configure 4.1.4 (4761), which was
generated by GNU Autoconf 2.69.  Invocation command line was

  $ /home/caktus/bin/UPPAAL-dbm-2.0.8/modules/configure 

## --------- ##
## Platform. ##
## --------- ##

hostname = Caktus-Studie-PC
uname -m = x86_64
uname -r = 4.4.0-96-generic
uname -s = Linux
uname -v = #119-Ubuntu SMP Tue Sep 12 14:59:54 UTC 2017

/usr/bin/uname -p = unknown
/bin/uname -X     = unknown

/bin/arch              = unknown
/usr/bin/arch -k       = unknown
/usr/convex/getsysinfo = unknown
/usr/bin/hostinfo      = unknown
/bin/machine           = unknown
/usr/bin/oslevel       = unknown
/bin/universe          = unknown

PATH: /home/caktus/bin
PATH: /usr/local/sbin
PATH: /usr/local/bin
PATH: /usr/sbin
PATH: /usr/bin
PATH: /sbin
PATH: /bin
PATH: /usr/games
PATH: /usr/local/games
PATH: /snap/bin
PATH: /bin/sablecc-3.7/lib


## ----------- ##
## Core tests. ##
## ----------- ##

configure:2242: checking build system type
configure:2256: result: x86_64-unknown-linux-gnu
configure:2276: checking host system type
configure:2289: result: x86_64-unknown-linux-gnu
configure:2309: checking target system type
configure:2322: result: x86_64-unknown-linux-gnu
configure:2356: checking operating system type
configure:2360: result: Linux
configure:2457: checking for gcc
configure:2484: result: gcc-7
configure:2713: checking for C compiler version
configure:2722: gcc-7 --version >&5
gcc-7 (Ubuntu 7.1.0-10ubuntu1~16.04.york0) 7.1.0
Copyright (C) 2017 Free Software Foundation, Inc.
This is free software; see the source for copying conditions.  There is NO
warranty; not even for MERCHANTABILITY or FITNESS FOR A PARTICULAR PURPOSE.

configure:2733: $? = 0
configure:2722: gcc-7 -v >&5
Using built-in specs.
COLLECT_GCC=gcc-7
COLLECT_LTO_WRAPPER=/usr/lib/gcc/x86_64-linux-gnu/7/lto-wrapper
OFFLOAD_TARGET_NAMES=nvptx-none
OFFLOAD_TARGET_DEFAULT=1
Target: x86_64-linux-gnu
Configured with: ../src/configure -v --with-pkgversion='Ubuntu 7.1.0-10ubuntu1~16.04.york0' --with-bugurl=file:///usr/share/doc/gcc-7/README.Bugs --enable-languages=c,ada,c++,go,brig,d,fortran,objc,obj-c++ --prefix=/usr --with-gcc-major-version-only --program-suffix=-7 --program-prefix=x86_64-linux-gnu- --enable-shared --enable-linker-build-id --libexecdir=/usr/lib --without-included-gettext --enable-threads=posix --libdir=/usr/lib --enable-nls --with-sysroot=/ --enable-clocale=gnu --enable-libstdcxx-debug --enable-libstdcxx-time=yes --with-default-libstdcxx-abi=new --enable-gnu-unique-object --disable-vtable-verify --enable-libmpx --enable-plugin --with-system-zlib --with-target-system-zlib --enable-objc-gc=auto --enable-multiarch --disable-werror --with-arch-32=i686 --with-abi=m64 --with-multilib-list=m32,m64,mx32 --enable-multilib --with-tune=generic --enable-offload-targets=nvptx-none --without-cuda-driver --enable-checking=release --build=x86_64-linux-gnu --host=x86_64-linux-gnu --target=x86_64-linux-gnu
Thread model: posix
gcc version 7.1.0 (Ubuntu 7.1.0-10ubuntu1~16.04.york0) 
configure:2733: $? = 0
configure:2722: gcc-7 -V >&5
gcc-7: error: unrecognized command line option '-V'
gcc-7: fatal error: no input files
compilation terminated.
configure:2733: $? = 1
configure:2722: gcc-7 -qversion >&5
gcc-7: error: unrecognized command line option '-qversion'; did you mean '--version'?
gcc-7: fatal error: no input files
compilation terminated.
configure:2733: $? = 1
configure:2753: checking whether the C compiler works
configure:2775: gcc-7 -Wall -DNDEBUG -O3 -ffloat-store -fgcse-las -fgcse-lm -fgcse-sm -ftree-loop-linear -funswitch-loops -ftree-loop-im -fivopts -ftree-vectorize -ftracer -msse2 -fPIC -march=native -DENABLE_64BIT    -DBOOST_DISABLE_THREADS   conftest.c  >&5
configure:2779: $? = 0
configure:2827: result: yes
configure:2830: checking for C compiler default output file name
configure:2832: result: a.out
configure:2838: checking for suffix of executables
configure:2845: gcc-7 -o conftest -Wall -DNDEBUG -O3 -ffloat-store -fgcse-las -fgcse-lm -fgcse-sm -ftree-loop-linear -funswitch-loops -ftree-loop-im -fivopts -ftree-vectorize -ftracer -msse2 -fPIC -march=native -DENABLE_64BIT    -DBOOST_DISABLE_THREADS   conftest.c  >&5
configure:2849: $? = 0
configure:2871: result: 
configure:2893: checking whether we are cross compiling
configure:2901: gcc-7 -o conftest -Wall -DNDEBUG -O3 -ffloat-store -fgcse-las -fgcse-lm -fgcse-sm -ftree-loop-linear -funswitch-loops -ftree-loop-im -fivopts -ftree-vectorize -ftracer -msse2 -fPIC -march=native -DENABLE_64BIT    -DBOOST_DISABLE_THREADS   conftest.c  >&5
configure:2905: $? = 0
configure:2912: ./conftest
configure:2916: $? = 0
configure:2931: result: no
configure:2936: checking for suffix of object files
configure:2958: gcc-7 -c -Wall -DNDEBUG -O3 -ffloat-store -fgcse-las -fgcse-lm -fgcse-sm -ftree-loop-linear -funswitch-loops -ftree-loop-im -fivopts -ftree-vectorize -ftracer -msse2 -fPIC -march=native -DENABLE_64BIT    -DBOOST_DISABLE_THREADS  conftest.c >&5
configure:2962: $? = 0
configure:2983: result: o
configure:2987: checking whether we are using the GNU C compiler
configure:3006: gcc-7 -c -Wall -DNDEBUG -O3 -ffloat-store -fgcse-las -fgcse-lm -fgcse-sm -ftree-loop-linear -funswitch-loops -ftree-loop-im -fivopts -ftree-vectorize -ftracer -msse2 -fPIC -march=native -DENABLE_64BIT    -DBOOST_DISABLE_THREADS  conftest.c >&5
configure:3006: $? = 0
configure:3015: result: yes
configure:3024: checking whether gcc-7 accepts -g
configure:3044: gcc-7 -c -g  conftest.c >&5
configure:3044: $? = 0
configure:3085: result: yes
configure:3102: checking for gcc-7 option to accept ISO C89
configure:3165: gcc-7  -c -Wall -DNDEBUG -O3 -ffloat-store -fgcse-las -fgcse-lm -fgcse-sm -ftree-loop-linear -funswitch-loops -ftree-loop-im -fivopts -ftree-vectorize -ftracer -msse2 -fPIC -march=native -DENABLE_64BIT    -DBOOST_DISABLE_THREADS  conftest.c >&5
configure:3165: $? = 0
configure:3178: result: none needed
configure:3310: checking for C++ compiler version
configure:3319: g++-7 --version >&5
g++-7 (Ubuntu 7.1.0-10ubuntu1~16.04.york0) 7.1.0
Copyright (C) 2017 Free Software Foundation, Inc.
This is free software; see the source for copying conditions.  There is NO
warranty; not even for MERCHANTABILITY or FITNESS FOR A PARTICULAR PURPOSE.

configure:3330: $? = 0
configure:3319: g++-7 -v >&5
Using built-in specs.
COLLECT_GCC=g++-7
COLLECT_LTO_WRAPPER=/usr/lib/gcc/x86_64-linux-gnu/7/lto-wrapper
OFFLOAD_TARGET_NAMES=nvptx-none
OFFLOAD_TARGET_DEFAULT=1
Target: x86_64-linux-gnu
Configured with: ../src/configure -v --with-pkgversion='Ubuntu 7.1.0-10ubuntu1~16.04.york0' --with-bugurl=file:///usr/share/doc/gcc-7/README.Bugs --enable-languages=c,ada,c++,go,brig,d,fortran,objc,obj-c++ --prefix=/usr --with-gcc-major-version-only --program-suffix=-7 --program-prefix=x86_64-linux-gnu- --enable-shared --enable-linker-build-id --libexecdir=/usr/lib --without-included-gettext --enable-threads=posix --libdir=/usr/lib --enable-nls --with-sysroot=/ --enable-clocale=gnu --enable-libstdcxx-debug --enable-libstdcxx-time=yes --with-default-libstdcxx-abi=new --enable-gnu-unique-object --disable-vtable-verify --enable-libmpx --enable-plugin --with-system-zlib --with-target-system-zlib --enable-objc-gc=auto --enable-multiarch --disable-werror --with-arch-32=i686 --with-abi=m64 --with-multilib-list=m32,m64,mx32 --enable-multilib --with-tune=generic --enable-offload-targets=nvptx-none --without-cuda-driver --enable-checking=release --build=x86_64-linux-gnu --host=x86_64-linux-gnu --target=x86_64-linux-gnu
Thread model: posix
gcc version 7.1.0 (Ubuntu 7.1.0-10ubuntu1~16.04.york0) 
configure:3330: $? = 0
configure:3319: g++-7 -V >&5
g++-7: error: unrecognized command line option '-V'
g++-7: fatal error: no input files
compilation terminated.
configure:3330: $? = 1
configure:3319: g++-7 -qversion >&5
g++-7: error: unrecognized command line option '-qversion'; did you mean '--version'?
g++-7: fatal error: no input files
compilation terminated.
configure:3330: $? = 1
configure:3334: checking whether we are using the GNU C++ compiler
configure:3353: g++-7 -c   conftest.cpp >&5
configure:3353: $? = 0
configure:3362: result: yes
configure:3371: checking whether g++-7 accepts -g
configure:3391: g++-7 -c -g  conftest.cpp >&5
configure:3391: $? = 0
configure:3432: result: yes
configure:3460: checking for flex
configure:3490: result: no
configure:3460: checking for lex
configure:3490: result: no
configure:3619: checking for bison
configure:3649: result: no
configure:3619: checking for byacc
configure:3649: result: no
configure:3701: checking for ranlib
configure:3717: found /usr/bin/ranlib
configure:3728: result: ranlib
configure:3764: checking for a BSD-compatible install
configure:3832: result: /usr/bin/install -c
configure:3845: checking for xml2-config
configure:3879: result: no
configure:3886: checking for gperf
configure:3920: result: no
configure:3927: checking for makedepend
configure:3945: found /usr/bin/makedepend
configure:3958: result: /usr/bin/makedepend
configure:3968: checking for ar
configure:3986: found /usr/bin/ar
configure:3999: result: /usr/bin/ar
configure:4009: checking for strip
configure:4027: found /usr/bin/strip
configure:4040: result: /usr/bin/strip
configure:4063: checking how to run the C++ preprocessor
configure:4090: g++-7 -E  conftest.cpp
configure:4090: $? = 0
configure:4104: g++-7 -E  conftest.cpp
conftest.cpp:9:10: fatal error: ac_nonexistent.h: No such file or directory
 #include <ac_nonexistent.h>
          ^~~~~~~~~~~~~~~~~~
compilation terminated.
configure:4104: $? = 1
configure: failed program was:
| /* confdefs.h */
| #define PACKAGE_NAME "UPPAAL"
| #define PACKAGE_TARNAME "uppaal"
| #define PACKAGE_VERSION "4.1.4 (4761)"
| #define PACKAGE_STRING "UPPAAL 4.1.4 (4761)"
| #define PACKAGE_BUGREPORT "bug-uppaal@list.it.uu.se"
| #define PACKAGE_URL ""
| /* end confdefs.h.  */
| #include <ac_nonexistent.h>
configure:4129: result: g++-7 -E
configure:4149: g++-7 -E  conftest.cpp
configure:4149: $? = 0
configure:4163: g++-7 -E  conftest.cpp
conftest.cpp:9:10: fatal error: ac_nonexistent.h: No such file or directory
 #include <ac_nonexistent.h>
          ^~~~~~~~~~~~~~~~~~
compilation terminated.
configure:4163: $? = 1
configure: failed program was:
| /* confdefs.h */
| #define PACKAGE_NAME "UPPAAL"
| #define PACKAGE_TARNAME "uppaal"
| #define PACKAGE_VERSION "4.1.4 (4761)"
| #define PACKAGE_STRING "UPPAAL 4.1.4 (4761)"
| #define PACKAGE_BUGREPORT "bug-uppaal@list.it.uu.se"
| #define PACKAGE_URL ""
| /* end confdefs.h.  */
| #include <ac_nonexistent.h>
configure:4192: checking for grep that handles long lines and -e
configure:4250: result: /bin/grep
configure:4255: checking for egrep
configure:4317: result: /bin/grep -E
configure:4322: checking for ANSI C header files
configure:4342: g++-7 -c -g -O2  conftest.cpp >&5
configure:4342: $? = 0
configure:4415: g++-7 -o conftest -g -O2   conftest.cpp  >&5
configure:4415: $? = 0
configure:4415: ./conftest
configure:4415: $? = 0
configure:4426: result: yes
configure:4439: checking for sys/types.h
configure:4439: g++-7 -c -g -O2  conftest.cpp >&5
configure:4439: $? = 0
configure:4439: result: yes
configure:4439: checking for sys/stat.h
configure:4439: g++-7 -c -g -O2  conftest.cpp >&5
configure:4439: $? = 0
configure:4439: result: yes
configure:4439: checking for stdlib.h
configure:4439: g++-7 -c -g -O2  conftest.cpp >&5
configure:4439: $? = 0
configure:4439: result: yes
configure:4439: checking for string.h
configure:4439: g++-7 -c -g -O2  conftest.cpp >&5
configure:4439: $? = 0
configure:4439: result: yes
configure:4439: checking for memory.h
configure:4439: g++-7 -c -g -O2  conftest.cpp >&5
configure:4439: $? = 0
configure:4439: result: yes
configure:4439: checking for strings.h
configure:4439: g++-7 -c -g -O2  conftest.cpp >&5
configure:4439: $? = 0
configure:4439: result: yes
configure:4439: checking for inttypes.h
configure:4439: g++-7 -c -g -O2  conftest.cpp >&5
configure:4439: $? = 0
configure:4439: result: yes
configure:4439: checking for stdint.h
configure:4439: g++-7 -c -g -O2  conftest.cpp >&5
configure:4439: $? = 0
configure:4439: result: yes
configure:4439: checking for unistd.h
configure:4439: g++-7 -c -g -O2  conftest.cpp >&5
configure:4439: $? = 0
configure:4439: result: yes
configure:4454: checking for stdint.h
configure:4454: result: yes
configure:4454: checking for inttypes.h
configure:4454: result: yes
configure:4454: checking for unistd.h
configure:4454: result: yes
configure:4454: checking errno.h usability
configure:4454: g++-7 -c -g -O2  conftest.cpp >&5
configure:4454: $? = 0
configure:4454: result: yes
configure:4454: checking errno.h presence
configure:4454: g++-7 -E  conftest.cpp
configure:4454: $? = 0
configure:4454: result: yes
configure:4454: checking for errno.h
configure:4454: result: yes
configure:4454: checking for memory.h
configure:4454: result: yes
configure:4454: checking for string.h
configure:4454: result: yes
configure:4454: checking for strings.h
configure:4454: result: yes
configure:4454: checking sys/wait.h usability
configure:4454: g++-7 -c -g -O2  conftest.cpp >&5
configure:4454: $? = 0
configure:4454: result: yes
configure:4454: checking sys/wait.h presence
configure:4454: g++-7 -E  conftest.cpp
configure:4454: $? = 0
configure:4454: result: yes
configure:4454: checking for sys/wait.h
configure:4454: result: yes
configure:4467: checking ext/slist usability
configure:4467: g++-7 -c -g -O2  conftest.cpp >&5
configure:4467: $? = 0
configure:4467: result: yes
configure:4467: checking ext/slist presence
configure:4467: g++-7 -E  conftest.cpp
configure:4467: $? = 0
configure:4467: result: yes
configure:4467: checking for ext/slist
configure:4467: result: yes
configure:4467: checking slist usability
configure:4467: g++-7 -c -g -O2  conftest.cpp >&5
conftest.cpp:61:10: fatal error: slist: No such file or directory
 #include <slist>
          ^~~~~~~
compilation terminated.
configure:4467: $? = 1
configure: failed program was:
| /* confdefs.h */
| #define PACKAGE_NAME "UPPAAL"
| #define PACKAGE_TARNAME "uppaal"
| #define PACKAGE_VERSION "4.1.4 (4761)"
| #define PACKAGE_STRING "UPPAAL 4.1.4 (4761)"
| #define PACKAGE_BUGREPORT "bug-uppaal@list.it.uu.se"
| #define PACKAGE_URL ""
| #define STDC_HEADERS 1
| #define HAVE_SYS_TYPES_H 1
| #define HAVE_SYS_STAT_H 1
| #define HAVE_STDLIB_H 1
| #define HAVE_STRING_H 1
| #define HAVE_MEMORY_H 1
| #define HAVE_STRINGS_H 1
| #define HAVE_INTTYPES_H 1
| #define HAVE_STDINT_H 1
| #define HAVE_UNISTD_H 1
| #define HAVE_STDINT_H 1
| #define HAVE_INTTYPES_H 1
| #define HAVE_UNISTD_H 1
| #define HAVE_ERRNO_H 1
| #define HAVE_MEMORY_H 1
| #define HAVE_STRING_H 1
| #define HAVE_STRINGS_H 1
| #define HAVE_SYS_WAIT_H 1
| #define HAVE_EXT_SLIST 1
| /* end confdefs.h.  */
| #include <stdio.h>
| #ifdef HAVE_SYS_TYPES_H
| # include <sys/types.h>
| #endif
| #ifdef HAVE_SYS_STAT_H
| # include <sys/stat.h>
| #endif
| #ifdef STDC_HEADERS
| # include <stdlib.h>
| # include <stddef.h>
| #else
| # ifdef HAVE_STDLIB_H
| #  include <stdlib.h>
| # endif
| #endif
| #ifdef HAVE_STRING_H
| # if !defined STDC_HEADERS && defined HAVE_MEMORY_H
| #  include <memory.h>
| # endif
| # include <string.h>
| #endif
| #ifdef HAVE_STRINGS_H
| # include <strings.h>
| #endif
| #ifdef HAVE_INTTYPES_H
| # include <inttypes.h>
| #endif
| #ifdef HAVE_STDINT_H
| # include <stdint.h>
| #endif
| #ifdef HAVE_UNISTD_H
| # include <unistd.h>
| #endif
| #include <slist>
configure:4467: result: no
configure:4467: checking slist presence
configure:4467: g++-7 -E  conftest.cpp
conftest.cpp:28:10: fatal error: slist: No such file or directory
 #include <slist>
          ^~~~~~~
compilation terminated.
configure:4467: $? = 1
configure: failed program was:
| /* confdefs.h */
| #define PACKAGE_NAME "UPPAAL"
| #define PACKAGE_TARNAME "uppaal"
| #define PACKAGE_VERSION "4.1.4 (4761)"
| #define PACKAGE_STRING "UPPAAL 4.1.4 (4761)"
| #define PACKAGE_BUGREPORT "bug-uppaal@list.it.uu.se"
| #define PACKAGE_URL ""
| #define STDC_HEADERS 1
| #define HAVE_SYS_TYPES_H 1
| #define HAVE_SYS_STAT_H 1
| #define HAVE_STDLIB_H 1
| #define HAVE_STRING_H 1
| #define HAVE_MEMORY_H 1
| #define HAVE_STRINGS_H 1
| #define HAVE_INTTYPES_H 1
| #define HAVE_STDINT_H 1
| #define HAVE_UNISTD_H 1
| #define HAVE_STDINT_H 1
| #define HAVE_INTTYPES_H 1
| #define HAVE_UNISTD_H 1
| #define HAVE_ERRNO_H 1
| #define HAVE_MEMORY_H 1
| #define HAVE_STRING_H 1
| #define HAVE_STRINGS_H 1
| #define HAVE_SYS_WAIT_H 1
| #define HAVE_EXT_SLIST 1
| /* end confdefs.h.  */
| #include <slist>
configure:4467: result: no
configure:4467: checking for slist
configure:4467: result: no
configure:4467: checking sstream usability
configure:4467: g++-7 -c -g -O2  conftest.cpp >&5
configure:4467: $? = 0
configure:4467: result: yes
configure:4467: checking sstream presence
configure:4467: g++-7 -E  conftest.cpp
configure:4467: $? = 0
configure:4467: result: yes
configure:4467: checking for sstream
configure:4467: result: yes
configure:4467: checking strstream usability
configure:4467: g++-7 -c -g -O2  conftest.cpp >&5
In file included from /usr/include/c++/7/backward/strstream:50:0,
                 from conftest.cpp:62:
/usr/include/c++/7/backward/backward_warning.h:32:2: warning: #warning This file includes at least one deprecated or antiquated header which may be removed without further notice at a future date. Please use a non-deprecated interface with equivalent functionality instead. For a listing of replacement headers and interfaces, consult the file backward_warning.h. To disable this warning use -Wno-deprecated. [-Wcpp]
 #warning \
  ^~~~~~~
configure:4467: $? = 0
configure:4467: result: yes
configure:4467: checking strstream presence
configure:4467: g++-7 -E  conftest.cpp
In file included from /usr/include/c++/7/backward/strstream:50:0,
                 from conftest.cpp:29:
/usr/include/c++/7/backward/backward_warning.h:32:2: warning: #warning This file includes at least one deprecated or antiquated header which may be removed without further notice at a future date. Please use a non-deprecated interface with equivalent functionality instead. For a listing of replacement headers and interfaces, consult the file backward_warning.h. To disable this warning use -Wno-deprecated. [-Wcpp]
 #warning \
  ^~~~~~~
configure:4467: $? = 0
configure:4467: result: yes
configure:4467: checking for strstream
configure:4467: result: yes
configure:4480: checking boost/bind.hpp usability
configure:4480: g++-7 -c -g -O2  conftest.cpp >&5
configure:4480: $? = 0
configure:4480: result: yes
configure:4480: checking boost/bind.hpp presence
configure:4480: g++-7 -E  conftest.cpp
configure:4480: $? = 0
configure:4480: result: yes
configure:4480: checking for boost/bind.hpp
configure:4480: result: yes
configure:4480: checking boost/lambda/lambda.hpp usability
configure:4480: g++-7 -c -g -O2  conftest.cpp >&5
configure:4480: $? = 0
configure:4480: result: yes
configure:4480: checking boost/lambda/lambda.hpp presence
configure:4480: g++-7 -E  conftest.cpp
configure:4480: $? = 0
configure:4480: result: yes
configure:4480: checking for boost/lambda/lambda.hpp
configure:4480: result: yes
configure:4480: checking boost/lambda/bind.hpp usability
configure:4480: g++-7 -c -g -O2  conftest.cpp >&5
configure:4480: $? = 0
configure:4480: result: yes
configure:4480: checking boost/lambda/bind.hpp presence
configure:4480: g++-7 -E  conftest.cpp
configure:4480: $? = 0
configure:4480: result: yes
configure:4480: checking for boost/lambda/bind.hpp
configure:4480: result: yes
configure:4497: checking for slist
configure:4497: result: no
configure:4504: checking for ext/slist
configure:4504: result: yes
configure:4510: checking slist namespace
configure:4528: g++-7 -c -g -O2  conftest.cpp >&5
configure:4531: $? = 0
configure:4545: result: __gnu_cxx
configure:4565: checking flavour of std::streambuf
configure:4588: g++-7 -c -g -O2  conftest.cpp >&5
conftest.cpp: In member function 'void Test::test(std::streambuf*)':
conftest.cpp:6:43: error: 'int std::basic_streambuf<_CharT, _Traits>::sync() [with _CharT = char; _Traits = std::char_traits<char>]' is protected within this context
    void test(std::streambuf *a) { a->sync(); }
                                           ^
In file included from /usr/include/c++/7/ios:43:0,
                 from /usr/include/c++/7/ostream:38,
                 from /usr/include/c++/7/iostream:39,
                 from conftest.cpp:1:
/usr/include/c++/7/streambuf:627:7: note: declared protected here
       sync() { return 0; }
       ^~~~
configure:4591: $? = 1
configure:4605: result: new
configure:4671: checking for an ANSI C-conforming const
configure:4737: g++-7 -c -g -O2  conftest.cpp >&5
configure:4737: $? = 0
configure:4744: result: yes
configure:4752: checking whether char is unsigned
configure:4771: g++-7 -c -g -O2  conftest.cpp >&5
configure:4771: $? = 0
configure:4778: result: no
configure:4790: checking for index
configure:4790: g++-7 -o conftest -g -O2   conftest.cpp  >&5
conftest.cpp:65:6: warning: declaration of 'char index()' conflicts with built-in declaration 'char* index(const char*, int)' [-Wbuiltin-declaration-mismatch]
 char index ();
      ^~~~~
configure:4790: $? = 0
configure:4790: result: yes
configure:4916: creating ./config.status

## ---------------------- ##
## Running config.status. ##
## ---------------------- ##

This file was extended by UPPAAL config.status 4.1.4 (4761), which was
generated by GNU Autoconf 2.69.  Invocation command line was

  CONFIG_FILES    = 
  CONFIG_HEADERS  = 
  CONFIG_LINKS    = 
  CONFIG_COMMANDS = 
  $ ./config.status 

on Caktus-Studie-PC

config.status:886: creating makefile
config.status:886: creating .config
config.status:886: creating udbm-config
config.status:886: creating base/Makefile
config.status:886: creating base/tests/Makefile
config.status:886: creating dbm/Makefile
config.status:886: creating dbm/tests/Makefile
config.status:886: creating debug/Makefile
config.status:886: creating debug/tests/Makefile
config.status:886: creating hash/Makefile
config.status:886: creating hash/tests/Makefile
config.status:886: creating io/Makefile
config.status:886: creating io/tests/Makefile
config.status:886: creating include/config.h
config.status:1087: linking ../scripts to .scripts
config.status:1106: executing lib commands

## ---------------- ##
## Cache variables. ##
## ---------------- ##

ac_cv_build=x86_64-unknown-linux-gnu
ac_cv_c_char_unsigned=no
ac_cv_c_compiler_gnu=yes
ac_cv_c_const=yes
ac_cv_cxx_compiler_gnu=yes
ac_cv_env_CCC_set=
ac_cv_env_CCC_value=
ac_cv_env_CC_set=set
ac_cv_env_CC_value=gcc-7
ac_cv_env_CFLAGS_set=set
ac_cv_env_CFLAGS_value='-Wall -DNDEBUG -O3 -ffloat-store -fgcse-las -fgcse-lm -fgcse-sm -ftree-loop-linear -funswitch-loops -ftree-loop-im -fivopts -ftree-vectorize -ftracer -msse2 -fPIC -march=native -DENABLE_64BIT '
ac_cv_env_CPPFLAGS_set=
ac_cv_env_CPPFLAGS_value=
ac_cv_env_CXXCPP_set=
ac_cv_env_CXXCPP_value=
ac_cv_env_CXXFLAGS_set=
ac_cv_env_CXXFLAGS_value=
ac_cv_env_CXX_set=set
ac_cv_env_CXX_value=g++-7
ac_cv_env_LDFLAGS_set=
ac_cv_env_LDFLAGS_value=
ac_cv_env_LIBS_set=
ac_cv_env_LIBS_value=
ac_cv_env_YACC_set=
ac_cv_env_YACC_value=
ac_cv_env_YFLAGS_set=
ac_cv_env_YFLAGS_value=
ac_cv_env_build_alias_set=
ac_cv_env_build_alias_value=
ac_cv_env_host_alias_set=
ac_cv_env_host_alias_value=
ac_cv_env_target_alias_set=
ac_cv_env_target_alias_value=
ac_cv_func_index=yes
ac_cv_header_boost_bind_hpp=yes
ac_cv_header_boost_lambda_bind_hpp=yes
ac_cv_header_boost_lambda_lambda_hpp=yes
ac_cv_header_errno_h=yes
ac_cv_header_ext_slist=yes
ac_cv_header_inttypes_h=yes
ac_cv_header_memory_h=yes
ac_cv_header_slist=no
ac_cv_header_sstream=yes
ac_cv_header_stdc=yes
ac_cv_header_stdint_h=yes
ac_cv_header_stdlib_h=yes
ac_cv_header_string_h=yes
ac_cv_header_strings_h=yes
ac_cv_header_strstream=yes
ac_cv_header_sys_stat_h=yes
ac_cv_header_sys_types_h=yes
ac_cv_header_sys_wait_h=yes
ac_cv_header_unistd_h=yes
ac_cv_host=x86_64-unknown-linux-gnu
ac_cv_objext=o
ac_cv_path_AR=/usr/bin/ar
ac_cv_path_EGREP='/bin/grep -E'
ac_cv_path_GREP=/bin/grep
ac_cv_path_MAKEDEP=/usr/bin/makedepend
ac_cv_path_STRIP=/usr/bin/strip
ac_cv_path_install='/usr/bin/install -c'
ac_cv_prog_CXXCPP='g++-7 -E'
ac_cv_prog_ac_ct_CC=gcc-7
ac_cv_prog_ac_ct_RANLIB=ranlib
ac_cv_prog_cc_c89=
ac_cv_prog_cc_g=yes
ac_cv_prog_cxx_g=yes
ac_cv_target=x86_64-unknown-linux-gnu
ua_cv_cxx_slist_namespace=__gnu_cxx
ua_cv_cxx_streambuf=new

## ----------------- ##
## Output variables. ##
## ----------------- ##

AR='/usr/bin/ar'
CC='gcc-7'
CFLAGS='-Wall -DNDEBUG -O3 -ffloat-store -fgcse-las -fgcse-lm -fgcse-sm -ftree-loop-linear -funswitch-loops -ftree-loop-im -fivopts -ftree-vectorize -ftracer -msse2 -fPIC -march=native -DENABLE_64BIT    -DBOOST_DISABLE_THREADS'
CPPFLAGS=''
CXX='g++-7'
CXXCPP='g++-7 -E'
CXXFLAGS='-g -O2'
DBM_VERSION='2.0.8'
DEFS='-DHAVE_CONFIG_H'
ECHO_C=''
ECHO_N='-n'
ECHO_T=''
EGREP='/bin/grep -E'
EXEEXT=''
EXTRALIBS=''
GPERF=''
GREP='/bin/grep'
INSTALL_DATA='${INSTALL} -m 644'
INSTALL_PROGRAM='${INSTALL}'
INSTALL_SCRIPT='${INSTALL}'
LDFLAGS=''
LEX=':'
LEXLIB=''
LEX_OUTPUT_ROOT=''
LIBOBJS=''
LIBS=''
LINKFLAGS='  --strip-all   -static'
LTLIBOBJS=''
MAKEDEP='/usr/bin/makedepend'
MODULE_LIBS=' base.lib dbm.lib debug.lib hash.lib io.lib'
OBJEXT='o'
OS='Linux'
PACKAGE_BUGREPORT='bug-uppaal@list.it.uu.se'
PACKAGE_NAME='UPPAAL'
PACKAGE_STRING='UPPAAL 4.1.4 (4761)'
PACKAGE_TARNAME='uppaal'
PACKAGE_URL=''
PACKAGE_VERSION='4.1.4 (4761)'
PATH_SEPARATOR=':'
RANLIB='ranlib'
SHELL='/bin/bash'
STRIP='/usr/bin/strip'
TIGA_VERSION='4.1.4-0.16 (4761)'
XMLSTATIC=''
XML_CONFIG=''
YACC='yacc'
YFLAGS=''
ac_ct_CC='gcc-7'
ac_ct_CXX=''
bindir='${exec_prefix}/bin'
build='x86_64-unknown-linux-gnu'
build_alias=''
build_cpu='x86_64'
build_os='linux-gnu'
build_vendor='unknown'
datadir='${datarootdir}'
datarootdir='${prefix}/share'
docdir='${datarootdir}/doc/${PACKAGE_TARNAME}'
dvidir='${docdir}'
exec_prefix='${prefix}'
host='x86_64-unknown-linux-gnu'
host_alias=''
host_cpu='x86_64'
host_os='linux-gnu'
host_vendor='unknown'
htmldir='${docdir}'
includedir='${prefix}/include'
infodir='${datarootdir}/info'
libdir='${exec_prefix}/lib'
libexecdir='${exec_prefix}/libexec'
localedir='${datarootdir}/locale'
localstatedir='${prefix}/var'
mandir='${datarootdir}/man'
oldincludedir='/usr/include'
pdfdir='${docdir}'
prefix='/usr/local'
program_transform_name='s,x,x,'
psdir='${docdir}'
runstatedir='${localstatedir}/run'
sbindir='${exec_prefix}/sbin'
sharedstatedir='${prefix}/com'
sysconfdir='${prefix}/etc'
target='x86_64-unknown-linux-gnu'
target_alias=''
target_cpu='x86_64'
target_os='linux-gnu'
target_vendor='unknown'

## ----------- ##
## confdefs.h. ##
## ----------- ##

/* confdefs.h */
#define PACKAGE_NAME "UPPAAL"
#define PACKAGE_TARNAME "uppaal"
#define PACKAGE_VERSION "4.1.4 (4761)"
#define PACKAGE_STRING "UPPAAL 4.1.4 (4761)"
#define PACKAGE_BUGREPORT "bug-uppaal@list.it.uu.se"
#define PACKAGE_URL ""
#define STDC_HEADERS 1
#define HAVE_SYS_TYPES_H 1
#define HAVE_SYS_STAT_H 1
#define HAVE_STDLIB_H 1
#define HAVE_STRING_H 1
#define HAVE_MEMORY_H 1
#define HAVE_STRINGS_H 1
#define HAVE_INTTYPES_H 1
#define HAVE_STDINT_H 1
#define HAVE_UNISTD_H 1
#define HAVE_STDINT_H 1
#define HAVE_INTTYPES_H 1
#define HAVE_UNISTD_H 1
#define HAVE_ERRNO_H 1
#define HAVE_MEMORY_H 1
#define HAVE_STRING_H 1
#define HAVE_STRINGS_H 1
#define HAVE_SYS_WAIT_H 1
#define HAVE_EXT_SLIST 1
#define HAVE_SSTREAM 1
#define HAVE_STRSTREAM 1
#define HAVE_BOOST_BIND_HPP 1
#define HAVE_BOOST_LAMBDA_LAMBDA_HPP 1
#define HAVE_BOOST_LAMBDA_BIND_HPP 1
#define HAVE_EXT_SLIST 1
#define CXX_SLIST_NAMESPACE __gnu_cxx
#define INTEL_ARCH 1
#define COMPILER_STRING "Compiled with g++-7 -Wall -DNDEBUG -O3 -ffloat-store -fgcse-las -fgcse-lm -fgcse-sm -ftree-loop-linear -funswitch-loops -ftree-loop-im -fivopts -ftree-vectorize -ftracer -msse2 -fPIC -march=native -DENABLE_64BIT    -DBOOST_DISABLE_THREADS"
#define VERSION "4.1.4 (4761)"
#define PACKAGE_MONTH "oktober"
#define PACKAGE_YEAR "2017"
#define TIGA_VERSION "4.1.4-0.16 (4761)"
#define DBM_VERSION "2.0.8"
#define HAVE_INDEX 1

configure: exit 0
